<?xml version="1.0" encoding="UTF-8"?>
<!-- Generated by org.testng.reporters.JUnitReportReporter -->
<testsuite skipped="0" hostname="Rakyesh-PC" name="rediff.LoginTest" tests="1" failures="0" timestamp="04 Jun 2020 19:31:59 GMT" time="61.834" errors="0">
  <testcase name="f" time="61.834" classname="rediff.LoginTest"/>
</testsuite> <!-- rediff.LoginTest -->
